{"/Users/cristinalmarti/Documents/tx-search-engine/src/common/components/book-card/book-card.component.tsx": {"path":"/Users/cristinalmarti/Documents/tx-search-engine/src/common/components/book-card/book-card.component.tsx","statementMap":{"0":{"start":{"line":1,"column":0},"end":{"line":1,"column":40}},"1":{"start":{"line":3,"column":0},"end":{"line":3,"column":59}},"2":{"start":{"line":4,"column":0},"end":{"line":4,"column":52}},"3":{"start":{"line":11,"column":21},"end":{"line":14,"column":3}},"4":{"start":{"line":12,"column":24},"end":{"line":12,"column":38}},"5":{"start":{"line":13,"column":4},"end":{"line":13,"column":47}},"6":{"start":{"line":15,"column":21},"end":{"line":15,"column":60}},"7":{"start":{"line":17,"column":2},"end":{"line":37,"column":4}},"8":{"start":{"line":10,"column":0},"end":{"line":10,"column":24}}},"fnMap":{"0":{"name":"BookCard","decl":{"start":{"line":10,"column":24},"end":{"line":10,"column":32}},"loc":{"start":{"line":10,"column":56},"end":{"line":38,"column":1}}},"1":{"name":"(anonymous_2)","decl":{"start":{"line":11,"column":21},"end":{"line":11,"column":22}},"loc":{"start":{"line":11,"column":37},"end":{"line":14,"column":3}}}},"branchMap":{"0":{"loc":{"start":{"line":15,"column":21},"end":{"line":15,"column":60}},"type":"binary-expr","locations":[{"start":{"line":15,"column":21},"end":{"line":15,"column":37}},{"start":{"line":15,"column":41},"end":{"line":15,"column":60}}]},"1":{"loc":{"start":{"line":27,"column":11},"end":{"line":27,"column":46}},"type":"binary-expr","locations":[{"start":{"line":27,"column":11},"end":{"line":27,"column":25}},{"start":{"line":27,"column":29},"end":{"line":27,"column":46}}]}},"s":{"0":7,"1":7,"2":7,"3":6,"4":6,"5":6,"6":6,"7":6,"8":7},"f":{"0":6,"1":6},"b":{"0":[6,6],"1":[6,6]}}
,"/Users/cristinalmarti/Documents/tx-search-engine/src/common/components/book-card/book-card.styles.tsx": {"path":"/Users/cristinalmarti/Documents/tx-search-engine/src/common/components/book-card/book-card.styles.tsx","statementMap":{"0":{"start":{"line":1,"column":0},"end":{"line":1,"column":48}},"1":{"start":{"line":2,"column":0},"end":{"line":2,"column":66}},"2":{"start":{"line":4,"column":13},"end":{"line":45,"column":2}},"3":{"start":{"line":5,"column":61},"end":{"line":44,"column":null}}},"fnMap":{"0":{"name":"(anonymous_6)","decl":{"start":{"line":5,"column":2},"end":{"line":5,"column":3}},"loc":{"start":{"line":5,"column":61},"end":{"line":44,"column":null}}}},"branchMap":{},"s":{"0":7,"1":7,"2":7,"3":6},"f":{"0":6},"b":{}}
,"/Users/cristinalmarti/Documents/tx-search-engine/src/common/components/book-cover/book-cover.component.tsx": {"path":"/Users/cristinalmarti/Documents/tx-search-engine/src/common/components/book-cover/book-cover.component.tsx","statementMap":{"0":{"start":{"line":2,"column":0},"end":{"line":2,"column":57}},"1":{"start":{"line":3,"column":0},"end":{"line":3,"column":55}},"2":{"start":{"line":4,"column":0},"end":{"line":4,"column":54}},"3":{"start":{"line":5,"column":0},"end":{"line":5,"column":54}},"4":{"start":{"line":12,"column":24},"end":{"line":14,"column":19}},"5":{"start":{"line":15,"column":2},"end":{"line":21,"column":4}},"6":{"start":{"line":11,"column":0},"end":{"line":11,"column":24}}},"fnMap":{"0":{"name":"BookCover","decl":{"start":{"line":11,"column":24},"end":{"line":11,"column":33}},"loc":{"start":{"line":11,"column":58},"end":{"line":22,"column":1}}}},"branchMap":{"0":{"loc":{"start":{"line":12,"column":24},"end":{"line":14,"column":19}},"type":"cond-expr","locations":[{"start":{"line":13,"column":6},"end":{"line":13,"column":54}},{"start":{"line":14,"column":6},"end":{"line":14,"column":19}}]}},"s":{"0":9,"1":9,"2":9,"3":9,"4":10,"5":10,"6":9},"f":{"0":10},"b":{"0":[9,1]}}
,"/Users/cristinalmarti/Documents/tx-search-engine/src/common/components/book-cover/book-cover.styles.tsx": {"path":"/Users/cristinalmarti/Documents/tx-search-engine/src/common/components/book-cover/book-cover.styles.tsx","statementMap":{"0":{"start":{"line":1,"column":0},"end":{"line":1,"column":39}},"1":{"start":{"line":3,"column":13},"end":{"line":5,"column":2}}},"fnMap":{},"branchMap":{},"s":{"0":9,"1":9},"f":{},"b":{}}
,"/Users/cristinalmarti/Documents/tx-search-engine/src/common/components/book-search/book-search.component.tsx": {"path":"/Users/cristinalmarti/Documents/tx-search-engine/src/common/components/book-search/book-search.component.tsx","statementMap":{"0":{"start":{"line":1,"column":0},"end":{"line":1,"column":52}},"1":{"start":{"line":2,"column":0},"end":{"line":2,"column":60}},"2":{"start":{"line":3,"column":0},"end":{"line":3,"column":69}},"3":{"start":{"line":4,"column":0},"end":{"line":4,"column":56}},"4":{"start":{"line":5,"column":0},"end":{"line":5,"column":73}},"5":{"start":{"line":6,"column":0},"end":{"line":6,"column":56}},"6":{"start":{"line":7,"column":0},"end":{"line":7,"column":74}},"7":{"start":{"line":10,"column":40},"end":{"line":10,"column":60}},"8":{"start":{"line":11,"column":50},"end":{"line":11,"column":74}},"9":{"start":{"line":12,"column":39},"end":{"line":12,"column":76}},"10":{"start":{"line":14,"column":27},"end":{"line":14,"column":55}},"11":{"start":{"line":16,"column":61},"end":{"line":18,"column":4}},"12":{"start":{"line":20,"column":2},"end":{"line":24,"column":16}},"13":{"start":{"line":21,"column":4},"end":{"line":23,"column":null}},"14":{"start":{"line":22,"column":6},"end":{"line":22,"column":32}},"15":{"start":{"line":26,"column":2},"end":{"line":28,"column":29}},"16":{"start":{"line":27,"column":4},"end":{"line":27,"column":18}},"17":{"start":{"line":30,"column":2},"end":{"line":33,"column":5}},"18":{"start":{"line":31,"column":4},"end":{"line":31,"column":31}},"19":{"start":{"line":32,"column":4},"end":{"line":32,"column":18}},"20":{"start":{"line":35,"column":23},"end":{"line":38,"column":3}},"21":{"start":{"line":36,"column":22},"end":{"line":36,"column":34}},"22":{"start":{"line":37,"column":4},"end":{"line":37,"column":26}},"23":{"start":{"line":40,"column":27},"end":{"line":44,"column":3}},"24":{"start":{"line":41,"column":4},"end":{"line":43,"column":null}},"25":{"start":{"line":42,"column":6},"end":{"line":42,"column":32}},"26":{"start":{"line":46,"column":2},"end":{"line":65,"column":4}},"27":{"start":{"line":9,"column":0},"end":{"line":9,"column":24}}},"fnMap":{"0":{"name":"BookSearch","decl":{"start":{"line":9,"column":24},"end":{"line":9,"column":34}},"loc":{"start":{"line":9,"column":34},"end":{"line":66,"column":1}}},"1":{"name":"(anonymous_2)","decl":{"start":{"line":20,"column":12},"end":{"line":20,"column":15}},"loc":{"start":{"line":20,"column":17},"end":{"line":24,"column":3}}},"2":{"name":"(anonymous_3)","decl":{"start":{"line":26,"column":12},"end":{"line":26,"column":15}},"loc":{"start":{"line":26,"column":17},"end":{"line":28,"column":3}}},"3":{"name":"(anonymous_4)","decl":{"start":{"line":30,"column":38},"end":{"line":30,"column":41}},"loc":{"start":{"line":30,"column":43},"end":{"line":33,"column":3}}},"4":{"name":"(anonymous_5)","decl":{"start":{"line":35,"column":23},"end":{"line":35,"column":24}},"loc":{"start":{"line":35,"column":70},"end":{"line":38,"column":3}}},"5":{"name":"(anonymous_6)","decl":{"start":{"line":40,"column":27},"end":{"line":40,"column":30}},"loc":{"start":{"line":40,"column":32},"end":{"line":44,"column":3}}}},"branchMap":{"0":{"loc":{"start":{"line":21,"column":4},"end":{"line":23,"column":null}},"type":"if","locations":[{"start":{"line":21,"column":4},"end":{"line":23,"column":null}}]},"1":{"loc":{"start":{"line":21,"column":8},"end":{"line":21,"column":58}},"type":"binary-expr","locations":[{"start":{"line":21,"column":8},"end":{"line":21,"column":25}},{"start":{"line":21,"column":29},"end":{"line":21,"column":58}}]},"2":{"loc":{"start":{"line":41,"column":4},"end":{"line":43,"column":null}},"type":"if","locations":[{"start":{"line":41,"column":4},"end":{"line":43,"column":null}}]},"3":{"loc":{"start":{"line":55,"column":7},"end":{"line":62,"column":null}},"type":"binary-expr","locations":[{"start":{"line":55,"column":7},"end":{"line":55,"column":23}},{"start":{"line":56,"column":8},"end":{"line":61,"column":null}}]}},"s":{"0":3,"1":3,"2":3,"3":3,"4":3,"5":3,"6":3,"7":17,"8":17,"9":17,"10":17,"11":17,"12":17,"13":13,"14":1,"15":17,"16":7,"17":17,"18":0,"19":0,"20":17,"21":1,"22":1,"23":17,"24":1,"25":1,"26":17,"27":3},"f":{"0":17,"1":13,"2":7,"3":0,"4":1,"5":1},"b":{"0":[1],"1":[13,13],"2":[1],"3":[17,2]}}
,"/Users/cristinalmarti/Documents/tx-search-engine/src/common/components/book-search/book-search.styles.tsx": {"path":"/Users/cristinalmarti/Documents/tx-search-engine/src/common/components/book-search/book-search.styles.tsx","statementMap":{"0":{"start":{"line":1,"column":0},"end":{"line":1,"column":48}},"1":{"start":{"line":3,"column":13},"end":{"line":8,"column":2}},"2":{"start":{"line":4,"column":29},"end":{"line":7,"column":null}}},"fnMap":{"0":{"name":"(anonymous_6)","decl":{"start":{"line":4,"column":2},"end":{"line":4,"column":3}},"loc":{"start":{"line":4,"column":29},"end":{"line":7,"column":null}}}},"branchMap":{},"s":{"0":3,"1":3,"2":17},"f":{"0":17},"b":{}}
,"/Users/cristinalmarti/Documents/tx-search-engine/src/common/components/book-search/search-results/search-results.component.tsx": {"path":"/Users/cristinalmarti/Documents/tx-search-engine/src/common/components/book-search/search-results/search-results.component.tsx","statementMap":{"0":{"start":{"line":1,"column":0},"end":{"line":1,"column":40}},"1":{"start":{"line":3,"column":0},"end":{"line":3,"column":59}},"2":{"start":{"line":4,"column":0},"end":{"line":4,"column":51}},"3":{"start":{"line":5,"column":0},"end":{"line":5,"column":96}},"4":{"start":{"line":6,"column":0},"end":{"line":6,"column":62}},"5":{"start":{"line":15,"column":13},"end":{"line":40,"column":2}},"6":{"start":{"line":20,"column":4},"end":{"line":38,"column":6}},"7":{"start":{"line":25,"column":14},"end":{"line":25,"column":53}}},"fnMap":{"0":{"name":"(anonymous_1)","decl":{"start":{"line":16,"column":2},"end":{"line":16,"column":null}},"loc":{"start":{"line":19,"column":6},"end":{"line":39,"column":3}}},"1":{"name":"(anonymous_2)","decl":{"start":{"line":24,"column":25},"end":{"line":24,"column":26}},"loc":{"start":{"line":25,"column":14},"end":{"line":25,"column":53}}}},"branchMap":{"0":{"loc":{"start":{"line":17,"column":6},"end":{"line":17,"column":18}},"type":"default-arg","locations":[{"start":{"line":17,"column":16},"end":{"line":17,"column":18}}]},"1":{"loc":{"start":{"line":22,"column":9},"end":{"line":27,"column":null}},"type":"binary-expr","locations":[{"start":{"line":22,"column":9},"end":{"line":22,"column":25}},{"start":{"line":23,"column":10},"end":{"line":26,"column":null}}]},"2":{"loc":{"start":{"line":29,"column":9},"end":{"line":29,"column":45}},"type":"binary-expr","locations":[{"start":{"line":29,"column":9},"end":{"line":29,"column":16}},{"start":{"line":29,"column":20},"end":{"line":29,"column":45}}]},"3":{"loc":{"start":{"line":30,"column":9},"end":{"line":31,"column":null}},"type":"binary-expr","locations":[{"start":{"line":30,"column":9},"end":{"line":30,"column":15}},{"start":{"line":30,"column":19},"end":{"line":30,"column":27}},{"start":{"line":30,"column":31},"end":{"line":30,"column":47}},{"start":{"line":31,"column":10},"end":{"line":31,"column":56}}]},"4":{"loc":{"start":{"line":33,"column":9},"end":{"line":34,"column":null}},"type":"binary-expr","locations":[{"start":{"line":33,"column":9},"end":{"line":33,"column":15}},{"start":{"line":33,"column":19},"end":{"line":33,"column":27}},{"start":{"line":33,"column":31},"end":{"line":33,"column":46}},{"start":{"line":34,"column":10},"end":{"line":34,"column":44}}]},"5":{"loc":{"start":{"line":36,"column":9},"end":{"line":36,"column":32}},"type":"binary-expr","locations":[{"start":{"line":36,"column":9},"end":{"line":36,"column":14}},{"start":{"line":36,"column":18},"end":{"line":36,"column":32}}]}},"s":{"0":4,"1":4,"2":4,"3":4,"4":4,"5":4,"6":7,"7":3},"f":{"0":7,"1":3},"b":{"0":[0],"1":[7,3],"2":[7,1],"3":[7,6,5,2],"4":[7,6,5,3],"5":[7,1]}}
,"/Users/cristinalmarti/Documents/tx-search-engine/src/common/components/book-search/search-results/search-results.styles.tsx": {"path":"/Users/cristinalmarti/Documents/tx-search-engine/src/common/components/book-search/search-results/search-results.styles.tsx","statementMap":{"0":{"start":{"line":1,"column":0},"end":{"line":1,"column":48}},"1":{"start":{"line":3,"column":13},"end":{"line":20,"column":2}},"2":{"start":{"line":4,"column":37},"end":{"line":19,"column":null}}},"fnMap":{"0":{"name":"(anonymous_6)","decl":{"start":{"line":4,"column":2},"end":{"line":4,"column":3}},"loc":{"start":{"line":4,"column":37},"end":{"line":19,"column":null}}}},"branchMap":{},"s":{"0":4,"1":4,"2":7},"f":{"0":7},"b":{}}
,"/Users/cristinalmarti/Documents/tx-search-engine/src/common/components/book-search/search-results/search-results-skeleton/search-results-skeleton.component.tsx": {"path":"/Users/cristinalmarti/Documents/tx-search-engine/src/common/components/book-search/search-results/search-results-skeleton/search-results-skeleton.component.tsx","statementMap":{"0":{"start":{"line":1,"column":0},"end":{"line":1,"column":49}},"1":{"start":{"line":2,"column":0},"end":{"line":2,"column":45}},"2":{"start":{"line":3,"column":0},"end":{"line":3,"column":79}},"3":{"start":{"line":6,"column":16},"end":{"line":6,"column":26}},"4":{"start":{"line":7,"column":2},"end":{"line":26,"column":4}},"5":{"start":{"line":10,"column":8},"end":{"line":17,"column":null}},"6":{"start":{"line":5,"column":0},"end":{"line":5,"column":24}}},"fnMap":{"0":{"name":"SearchResultsSkeleton","decl":{"start":{"line":5,"column":24},"end":{"line":5,"column":45}},"loc":{"start":{"line":5,"column":45},"end":{"line":27,"column":1}}},"1":{"name":"(anonymous_2)","decl":{"start":{"line":9,"column":25},"end":{"line":9,"column":26}},"loc":{"start":{"line":10,"column":8},"end":{"line":17,"column":null}}}},"branchMap":{},"s":{"0":4,"1":4,"2":4,"3":1,"4":1,"5":3,"6":4},"f":{"0":1,"1":3},"b":{}}
,"/Users/cristinalmarti/Documents/tx-search-engine/src/common/components/book-search/search-results/search-results-skeleton/search-results-skeleton.styles.tsx": {"path":"/Users/cristinalmarti/Documents/tx-search-engine/src/common/components/book-search/search-results/search-results-skeleton/search-results-skeleton.styles.tsx","statementMap":{"0":{"start":{"line":1,"column":0},"end":{"line":1,"column":48}},"1":{"start":{"line":3,"column":13},"end":{"line":8,"column":2}},"2":{"start":{"line":4,"column":29},"end":{"line":7,"column":null}}},"fnMap":{"0":{"name":"(anonymous_6)","decl":{"start":{"line":4,"column":2},"end":{"line":4,"column":3}},"loc":{"start":{"line":4,"column":29},"end":{"line":7,"column":null}}}},"branchMap":{},"s":{"0":4,"1":4,"2":1},"f":{"0":1},"b":{}}
,"/Users/cristinalmarti/Documents/tx-search-engine/src/common/components/button/button.component.tsx": {"path":"/Users/cristinalmarti/Documents/tx-search-engine/src/common/components/button/button.component.tsx","statementMap":{"0":{"start":{"line":1,"column":0},"end":{"line":1,"column":43}},"1":{"start":{"line":9,"column":2},"end":{"line":9,"column":63}},"2":{"start":{"line":8,"column":0},"end":{"line":8,"column":24}}},"fnMap":{"0":{"name":"Button","decl":{"start":{"line":8,"column":24},"end":{"line":8,"column":30}},"loc":{"start":{"line":8,"column":61},"end":{"line":10,"column":1}}}},"branchMap":{},"s":{"0":5,"1":4,"2":5},"f":{"0":4},"b":{}}
,"/Users/cristinalmarti/Documents/tx-search-engine/src/common/components/button/button.styles.tsx": {"path":"/Users/cristinalmarti/Documents/tx-search-engine/src/common/components/button/button.styles.tsx","statementMap":{"0":{"start":{"line":1,"column":0},"end":{"line":1,"column":48}},"1":{"start":{"line":3,"column":21},"end":{"line":14,"column":null}},"2":{"start":{"line":6,"column":61},"end":{"line":14,"column":null}},"3":{"start":{"line":17,"column":0},"end":{"line":17,"column":28}}},"fnMap":{"0":{"name":"(anonymous_6)","decl":{"start":{"line":6,"column":2},"end":{"line":6,"column":3}},"loc":{"start":{"line":6,"column":61},"end":{"line":14,"column":null}}}},"branchMap":{},"s":{"0":5,"1":5,"2":4,"3":5},"f":{"0":4},"b":{}}
,"/Users/cristinalmarti/Documents/tx-search-engine/src/common/components/form-elements/text-input/text-input.component.tsx": {"path":"/Users/cristinalmarti/Documents/tx-search-engine/src/common/components/form-elements/text-input/text-input.component.tsx","statementMap":{"0":{"start":{"line":1,"column":0},"end":{"line":1,"column":50}},"1":{"start":{"line":18,"column":2},"end":{"line":26,"column":4}},"2":{"start":{"line":11,"column":0},"end":{"line":11,"column":24}}},"fnMap":{"0":{"name":"TextInput","decl":{"start":{"line":11,"column":24},"end":{"line":11,"column":33}},"loc":{"start":{"line":17,"column":17},"end":{"line":27,"column":1}}}},"branchMap":{},"s":{"0":4,"1":20,"2":4},"f":{"0":20},"b":{}}
,"/Users/cristinalmarti/Documents/tx-search-engine/src/common/components/form-elements/text-input/text-input.styles.tsx": {"path":"/Users/cristinalmarti/Documents/tx-search-engine/src/common/components/form-elements/text-input/text-input.styles.tsx","statementMap":{"0":{"start":{"line":1,"column":0},"end":{"line":1,"column":48}},"1":{"start":{"line":3,"column":24},"end":{"line":17,"column":null}},"2":{"start":{"line":6,"column":48},"end":{"line":17,"column":null}},"3":{"start":{"line":20,"column":0},"end":{"line":20,"column":31}}},"fnMap":{"0":{"name":"(anonymous_6)","decl":{"start":{"line":6,"column":2},"end":{"line":6,"column":3}},"loc":{"start":{"line":6,"column":48},"end":{"line":17,"column":null}}}},"branchMap":{},"s":{"0":4,"1":4,"2":20,"3":4},"f":{"0":20},"b":{}}
,"/Users/cristinalmarti/Documents/tx-search-engine/src/common/components/layout-elements/element-container/element-container.component.tsx": {"path":"/Users/cristinalmarti/Documents/tx-search-engine/src/common/components/layout-elements/element-container/element-container.component.tsx","statementMap":{"0":{"start":{"line":1,"column":0},"end":{"line":1,"column":68}},"1":{"start":{"line":8,"column":2},"end":{"line":8,"column":69}},"2":{"start":{"line":7,"column":0},"end":{"line":7,"column":24}}},"fnMap":{"0":{"name":"ElementContainer","decl":{"start":{"line":7,"column":24},"end":{"line":7,"column":40}},"loc":{"start":{"line":7,"column":76},"end":{"line":9,"column":1}}}},"branchMap":{},"s":{"0":2,"1":2,"2":2},"f":{"0":2},"b":{}}
,"/Users/cristinalmarti/Documents/tx-search-engine/src/common/components/layout-elements/element-container/element-container.styles.tsx": {"path":"/Users/cristinalmarti/Documents/tx-search-engine/src/common/components/layout-elements/element-container/element-container.styles.tsx","statementMap":{"0":{"start":{"line":1,"column":0},"end":{"line":1,"column":39}},"1":{"start":{"line":3,"column":13},"end":{"line":5,"column":2}}},"fnMap":{},"branchMap":{},"s":{"0":2,"1":2},"f":{},"b":{}}
,"/Users/cristinalmarti/Documents/tx-search-engine/src/common/components/layout-elements/page-container.component.tsx/page-container.component.tsx": {"path":"/Users/cristinalmarti/Documents/tx-search-engine/src/common/components/layout-elements/page-container.component.tsx/page-container.component.tsx","statementMap":{"0":{"start":{"line":1,"column":0},"end":{"line":1,"column":62}},"1":{"start":{"line":8,"column":2},"end":{"line":8,"column":63}},"2":{"start":{"line":7,"column":0},"end":{"line":7,"column":24}}},"fnMap":{"0":{"name":"PageContainer","decl":{"start":{"line":7,"column":24},"end":{"line":7,"column":37}},"loc":{"start":{"line":7,"column":70},"end":{"line":9,"column":1}}}},"branchMap":{},"s":{"0":3,"1":5,"2":3},"f":{"0":5},"b":{}}
,"/Users/cristinalmarti/Documents/tx-search-engine/src/common/components/layout-elements/page-container.component.tsx/page-container.styles.tsx": {"path":"/Users/cristinalmarti/Documents/tx-search-engine/src/common/components/layout-elements/page-container.component.tsx/page-container.styles.tsx","statementMap":{"0":{"start":{"line":1,"column":0},"end":{"line":1,"column":48}},"1":{"start":{"line":3,"column":13},"end":{"line":9,"column":2}},"2":{"start":{"line":4,"column":34},"end":{"line":8,"column":null}}},"fnMap":{"0":{"name":"(anonymous_6)","decl":{"start":{"line":4,"column":2},"end":{"line":4,"column":3}},"loc":{"start":{"line":4,"column":34},"end":{"line":8,"column":null}}}},"branchMap":{},"s":{"0":3,"1":3,"2":5},"f":{"0":5},"b":{}}
,"/Users/cristinalmarti/Documents/tx-search-engine/src/common/components/logo/logo.component.tsx": {"path":"/Users/cristinalmarti/Documents/tx-search-engine/src/common/components/logo/logo.component.tsx","statementMap":{"0":{"start":{"line":1,"column":0},"end":{"line":1,"column":43}},"1":{"start":{"line":2,"column":0},"end":{"line":2,"column":57}},"2":{"start":{"line":5,"column":2},"end":{"line":10,"column":4}},"3":{"start":{"line":4,"column":0},"end":{"line":4,"column":24}}},"fnMap":{"0":{"name":"Logo","decl":{"start":{"line":4,"column":24},"end":{"line":4,"column":28}},"loc":{"start":{"line":4,"column":28},"end":{"line":11,"column":1}}}},"branchMap":{},"s":{"0":3,"1":3,"2":3,"3":3},"f":{"0":3},"b":{}}
,"/Users/cristinalmarti/Documents/tx-search-engine/src/common/components/logo/logo.styles.tsx": {"path":"/Users/cristinalmarti/Documents/tx-search-engine/src/common/components/logo/logo.styles.tsx","statementMap":{"0":{"start":{"line":1,"column":0},"end":{"line":1,"column":48}},"1":{"start":{"line":2,"column":0},"end":{"line":2,"column":40}},"2":{"start":{"line":4,"column":13},"end":{"line":15,"column":2}},"3":{"start":{"line":5,"column":51},"end":{"line":14,"column":null}}},"fnMap":{"0":{"name":"(anonymous_6)","decl":{"start":{"line":5,"column":2},"end":{"line":5,"column":3}},"loc":{"start":{"line":5,"column":51},"end":{"line":14,"column":null}}}},"branchMap":{},"s":{"0":3,"1":3,"2":3,"3":3},"f":{"0":3},"b":{}}
,"/Users/cristinalmarti/Documents/tx-search-engine/src/common/components/navigation-bar/navigation-bar.component.tsx": {"path":"/Users/cristinalmarti/Documents/tx-search-engine/src/common/components/navigation-bar/navigation-bar.component.tsx","statementMap":{"0":{"start":{"line":1,"column":0},"end":{"line":1,"column":62}},"1":{"start":{"line":2,"column":0},"end":{"line":2,"column":96}},"2":{"start":{"line":3,"column":0},"end":{"line":3,"column":42}},"3":{"start":{"line":4,"column":0},"end":{"line":4,"column":62}},"4":{"start":{"line":7,"column":2},"end":{"line":16,"column":4}},"5":{"start":{"line":6,"column":0},"end":{"line":6,"column":24}}},"fnMap":{"0":{"name":"NavigationBar","decl":{"start":{"line":6,"column":24},"end":{"line":6,"column":37}},"loc":{"start":{"line":6,"column":37},"end":{"line":17,"column":1}}}},"branchMap":{},"s":{"0":2,"1":2,"2":2,"3":2,"4":2,"5":2},"f":{"0":2},"b":{}}
,"/Users/cristinalmarti/Documents/tx-search-engine/src/common/components/navigation-bar/navigation-bar.styles.tsx": {"path":"/Users/cristinalmarti/Documents/tx-search-engine/src/common/components/navigation-bar/navigation-bar.styles.tsx","statementMap":{"0":{"start":{"line":1,"column":0},"end":{"line":1,"column":48}},"1":{"start":{"line":2,"column":0},"end":{"line":2,"column":69}},"2":{"start":{"line":3,"column":0},"end":{"line":3,"column":103}},"3":{"start":{"line":5,"column":13},"end":{"line":20,"column":2}},"4":{"start":{"line":6,"column":50},"end":{"line":19,"column":null}}},"fnMap":{"0":{"name":"(anonymous_6)","decl":{"start":{"line":6,"column":2},"end":{"line":6,"column":3}},"loc":{"start":{"line":6,"column":50},"end":{"line":19,"column":null}}}},"branchMap":{},"s":{"0":2,"1":2,"2":2,"3":2,"4":2},"f":{"0":2},"b":{}}
,"/Users/cristinalmarti/Documents/tx-search-engine/src/common/components/visited-books/visited-books.component.tsx": {"path":"/Users/cristinalmarti/Documents/tx-search-engine/src/common/components/visited-books/visited-books.component.tsx","statementMap":{"0":{"start":{"line":1,"column":0},"end":{"line":1,"column":60}},"1":{"start":{"line":2,"column":0},"end":{"line":2,"column":56}},"2":{"start":{"line":3,"column":0},"end":{"line":3,"column":60}},"3":{"start":{"line":6,"column":27},"end":{"line":6,"column":72}},"4":{"start":{"line":6,"column":53},"end":{"line":6,"column":71}},"5":{"start":{"line":7,"column":2},"end":{"line":9,"column":null}},"6":{"start":{"line":8,"column":4},"end":{"line":8,"column":47}},"7":{"start":{"line":10,"column":2},"end":{"line":19,"column":4}},"8":{"start":{"line":15,"column":10},"end":{"line":15,"column":49}},"9":{"start":{"line":5,"column":0},"end":{"line":5,"column":24}}},"fnMap":{"0":{"name":"VisitedBooks","decl":{"start":{"line":5,"column":24},"end":{"line":5,"column":36}},"loc":{"start":{"line":5,"column":36},"end":{"line":20,"column":1}}},"1":{"name":"(anonymous_2)","decl":{"start":{"line":6,"column":42},"end":{"line":6,"column":43}},"loc":{"start":{"line":6,"column":53},"end":{"line":6,"column":71}}},"2":{"name":"(anonymous_3)","decl":{"start":{"line":14,"column":26},"end":{"line":14,"column":27}},"loc":{"start":{"line":15,"column":10},"end":{"line":15,"column":49}}}},"branchMap":{"0":{"loc":{"start":{"line":7,"column":2},"end":{"line":9,"column":null}},"type":"if","locations":[{"start":{"line":7,"column":2},"end":{"line":9,"column":null}}]}},"s":{"0":2,"1":2,"2":2,"3":4,"4":8,"5":4,"6":2,"7":2,"8":2,"9":2},"f":{"0":4,"1":8,"2":2},"b":{"0":[2]}}
,"/Users/cristinalmarti/Documents/tx-search-engine/src/common/components/visited-books/visited-books.styles.tsx": {"path":"/Users/cristinalmarti/Documents/tx-search-engine/src/common/components/visited-books/visited-books.styles.tsx","statementMap":{"0":{"start":{"line":1,"column":0},"end":{"line":1,"column":48}},"1":{"start":{"line":3,"column":13},"end":{"line":16,"column":2}},"2":{"start":{"line":4,"column":37},"end":{"line":15,"column":null}}},"fnMap":{"0":{"name":"(anonymous_6)","decl":{"start":{"line":4,"column":2},"end":{"line":4,"column":3}},"loc":{"start":{"line":4,"column":37},"end":{"line":15,"column":null}}}},"branchMap":{},"s":{"0":2,"1":2,"2":2},"f":{"0":2},"b":{}}
,"/Users/cristinalmarti/Documents/tx-search-engine/src/common/constants/api.ts": {"path":"/Users/cristinalmarti/Documents/tx-search-engine/src/common/constants/api.ts","statementMap":{"0":{"start":{"line":1,"column":13},"end":{"line":1,"column":73}},"1":{"start":{"line":2,"column":13},"end":{"line":2,"column":70}}},"fnMap":{},"branchMap":{},"s":{"0":11,"1":11},"f":{},"b":{}}
,"/Users/cristinalmarti/Documents/tx-search-engine/src/common/constants/images.ts": {"path":"/Users/cristinalmarti/Documents/tx-search-engine/src/common/constants/images.ts","statementMap":{"0":{"start":{"line":1,"column":13},"end":{"line":1,"column":71}},"1":{"start":{"line":2,"column":13},"end":{"line":2,"column":44}}},"fnMap":{},"branchMap":{},"s":{"0":10,"1":10},"f":{},"b":{}}
,"/Users/cristinalmarti/Documents/tx-search-engine/src/common/constants/request.ts": {"path":"/Users/cristinalmarti/Documents/tx-search-engine/src/common/constants/request.ts","statementMap":{"0":{"start":{"line":1,"column":13},"end":{"line":1,"column":37}},"1":{"start":{"line":2,"column":13},"end":{"line":3,"column":102}}},"fnMap":{},"branchMap":{},"s":{"0":6,"1":6},"f":{},"b":{}}
,"/Users/cristinalmarti/Documents/tx-search-engine/src/common/hooks/redux-ts-hooks.ts": {"path":"/Users/cristinalmarti/Documents/tx-search-engine/src/common/hooks/redux-ts-hooks.ts","statementMap":{"0":{"start":{"line":1,"column":0},"end":{"line":1,"column":77}},"1":{"start":{"line":5,"column":30},"end":{"line":5,"column":62}},"2":{"start":{"line":5,"column":36},"end":{"line":5,"column":62}},"3":{"start":{"line":5,"column":13},"end":{"line":5,"column":30}},"4":{"start":{"line":6,"column":13},"end":{"line":6,"column":75}}},"fnMap":{"0":{"name":"(anonymous_0)","decl":{"start":{"line":5,"column":30},"end":{"line":5,"column":33}},"loc":{"start":{"line":5,"column":36},"end":{"line":5,"column":62}}}},"branchMap":{},"s":{"0":3,"1":3,"2":3,"3":3,"4":3},"f":{"0":3},"b":{}}
,"/Users/cristinalmarti/Documents/tx-search-engine/src/common/hooks/use-book-search.ts": {"path":"/Users/cristinalmarti/Documents/tx-search-engine/src/common/hooks/use-book-search.ts","statementMap":{"0":{"start":{"line":1,"column":0},"end":{"line":1,"column":44}},"1":{"start":{"line":3,"column":0},"end":{"line":3,"column":26}},"2":{"start":{"line":4,"column":0},"end":{"line":4,"column":55}},"3":{"start":{"line":5,"column":0},"end":{"line":5,"column":80}},"4":{"start":{"line":11,"column":29},"end":{"line":64,"column":1}},"5":{"start":{"line":12,"column":40},"end":{"line":12,"column":59}},"6":{"start":{"line":13,"column":42},"end":{"line":13,"column":61}},"7":{"start":{"line":14,"column":32},"end":{"line":14,"column":63}},"8":{"start":{"line":15,"column":32},"end":{"line":15,"column":56}},"9":{"start":{"line":16,"column":28},"end":{"line":16,"column":57}},"10":{"start":{"line":18,"column":2},"end":{"line":46,"column":27}},"11":{"start":{"line":19,"column":22},"end":{"line":43,"column":5}},"12":{"start":{"line":20,"column":6},"end":{"line":20,"column":23}},"13":{"start":{"line":21,"column":6},"end":{"line":21,"column":21}},"14":{"start":{"line":22,"column":6},"end":{"line":42,"column":null}},"15":{"start":{"line":23,"column":8},"end":{"line":38,"column":null}},"16":{"start":{"line":24,"column":27},"end":{"line":31,"column":12}},"17":{"start":{"line":32,"column":10},"end":{"line":35,"column":13}},"18":{"start":{"line":32,"column":42},"end":{"line":35,"column":12}},"19":{"start":{"line":36,"column":10},"end":{"line":36,"column":50}},"20":{"start":{"line":37,"column":10},"end":{"line":37,"column":28}},"21":{"start":{"line":40,"column":8},"end":{"line":40,"column":64}},"22":{"start":{"line":41,"column":8},"end":{"line":41,"column":26}},"23":{"start":{"line":45,"column":4},"end":{"line":45,"column":16}},"24":{"start":{"line":48,"column":19},"end":{"line":53,"column":3}},"25":{"start":{"line":49,"column":22},"end":{"line":49,"column":55}},"26":{"start":{"line":50,"column":4},"end":{"line":52,"column":null}},"27":{"start":{"line":51,"column":6},"end":{"line":51,"column":32}},"28":{"start":{"line":55,"column":22},"end":{"line":61,"column":3}},"29":{"start":{"line":56,"column":4},"end":{"line":56,"column":19}},"30":{"start":{"line":57,"column":4},"end":{"line":57,"column":23}},"31":{"start":{"line":58,"column":4},"end":{"line":58,"column":22}},"32":{"start":{"line":59,"column":4},"end":{"line":59,"column":22}},"33":{"start":{"line":60,"column":4},"end":{"line":60,"column":19}},"34":{"start":{"line":63,"column":2},"end":{"line":63,"column":60}},"35":{"start":{"line":11,"column":13},"end":{"line":11,"column":29}}},"fnMap":{"0":{"name":"(anonymous_1)","decl":{"start":{"line":11,"column":29},"end":{"line":11,"column":30}},"loc":{"start":{"line":11,"column":63},"end":{"line":64,"column":1}}},"1":{"name":"(anonymous_2)","decl":{"start":{"line":18,"column":12},"end":{"line":18,"column":15}},"loc":{"start":{"line":18,"column":17},"end":{"line":46,"column":3}}},"2":{"name":"(anonymous_3)","decl":{"start":{"line":19,"column":22},"end":{"line":19,"column":27}},"loc":{"start":{"line":19,"column":33},"end":{"line":43,"column":5}}},"3":{"name":"(anonymous_4)","decl":{"start":{"line":32,"column":21},"end":{"line":32,"column":22}},"loc":{"start":{"line":32,"column":42},"end":{"line":35,"column":12}}},"4":{"name":"(anonymous_5)","decl":{"start":{"line":48,"column":19},"end":{"line":48,"column":22}},"loc":{"start":{"line":48,"column":24},"end":{"line":53,"column":3}}},"5":{"name":"(anonymous_6)","decl":{"start":{"line":55,"column":22},"end":{"line":55,"column":25}},"loc":{"start":{"line":55,"column":27},"end":{"line":61,"column":3}}}},"branchMap":{"0":{"loc":{"start":{"line":23,"column":8},"end":{"line":38,"column":null}},"type":"if","locations":[{"start":{"line":23,"column":8},"end":{"line":38,"column":null}}]},"1":{"loc":{"start":{"line":50,"column":4},"end":{"line":52,"column":null}},"type":"if","locations":[{"start":{"line":50,"column":4},"end":{"line":52,"column":null}}]}},"s":{"0":4,"1":4,"2":4,"3":4,"4":4,"5":29,"6":29,"7":29,"8":29,"9":29,"10":29,"11":11,"12":11,"13":11,"14":11,"15":11,"16":5,"17":3,"18":3,"19":3,"20":3,"21":1,"22":1,"23":11,"24":29,"25":1,"26":1,"27":1,"28":29,"29":7,"30":7,"31":7,"32":7,"33":7,"34":29,"35":4},"f":{"0":29,"1":11,"2":11,"3":3,"4":1,"5":7},"b":{"0":[5],"1":[1]}}
,"/Users/cristinalmarti/Documents/tx-search-engine/src/common/hooks/use-get-book.ts": {"path":"/Users/cristinalmarti/Documents/tx-search-engine/src/common/hooks/use-get-book.ts","statementMap":{"0":{"start":{"line":1,"column":0},"end":{"line":1,"column":44}},"1":{"start":{"line":3,"column":0},"end":{"line":3,"column":26}},"2":{"start":{"line":4,"column":0},"end":{"line":4,"column":55}},"3":{"start":{"line":5,"column":0},"end":{"line":5,"column":59}},"4":{"start":{"line":7,"column":26},"end":{"line":34,"column":1}},"5":{"start":{"line":8,"column":34},"end":{"line":9,"column":null}},"6":{"start":{"line":11,"column":32},"end":{"line":11,"column":56}},"7":{"start":{"line":12,"column":28},"end":{"line":12,"column":57}},"8":{"start":{"line":14,"column":2},"end":{"line":31,"column":12}},"9":{"start":{"line":15,"column":22},"end":{"line":28,"column":5}},"10":{"start":{"line":16,"column":6},"end":{"line":16,"column":23}},"11":{"start":{"line":17,"column":6},"end":{"line":17,"column":21}},"12":{"start":{"line":18,"column":6},"end":{"line":25,"column":null}},"13":{"start":{"line":19,"column":25},"end":{"line":21,"column":10}},"14":{"start":{"line":22,"column":8},"end":{"line":22,"column":43}},"15":{"start":{"line":24,"column":8},"end":{"line":24,"column":67}},"16":{"start":{"line":27,"column":6},"end":{"line":27,"column":24}},"17":{"start":{"line":30,"column":4},"end":{"line":30,"column":16}},"18":{"start":{"line":33,"column":2},"end":{"line":33,"column":38}},"19":{"start":{"line":7,"column":13},"end":{"line":7,"column":26}}},"fnMap":{"0":{"name":"(anonymous_1)","decl":{"start":{"line":7,"column":26},"end":{"line":7,"column":27}},"loc":{"start":{"line":7,"column":42},"end":{"line":34,"column":1}}},"1":{"name":"(anonymous_2)","decl":{"start":{"line":14,"column":12},"end":{"line":14,"column":15}},"loc":{"start":{"line":14,"column":17},"end":{"line":31,"column":3}}},"2":{"name":"(anonymous_3)","decl":{"start":{"line":15,"column":22},"end":{"line":15,"column":27}},"loc":{"start":{"line":15,"column":33},"end":{"line":28,"column":5}}}},"branchMap":{},"s":{"0":2,"1":2,"2":2,"3":2,"4":2,"5":6,"6":6,"7":6,"8":6,"9":2,"10":2,"11":2,"12":2,"13":2,"14":1,"15":1,"16":2,"17":2,"18":6,"19":2},"f":{"0":6,"1":2,"2":2},"b":{}}
,"/Users/cristinalmarti/Documents/tx-search-engine/src/common/hooks/use-on-click-outside.ts": {"path":"/Users/cristinalmarti/Documents/tx-search-engine/src/common/hooks/use-on-click-outside.ts","statementMap":{"0":{"start":{"line":1,"column":0},"end":{"line":1,"column":39}},"1":{"start":{"line":3,"column":33},"end":{"line":28,"column":1}},"2":{"start":{"line":7,"column":2},"end":{"line":27,"column":21}},"3":{"start":{"line":8,"column":21},"end":{"line":18,"column":5}},"4":{"start":{"line":9,"column":6},"end":{"line":15,"column":null}},"5":{"start":{"line":14,"column":8},"end":{"line":14,"column":15}},"6":{"start":{"line":17,"column":6},"end":{"line":17,"column":21}},"7":{"start":{"line":20,"column":4},"end":{"line":20,"column":53}},"8":{"start":{"line":21,"column":4},"end":{"line":21,"column":54}},"9":{"start":{"line":23,"column":4},"end":{"line":26,"column":6}},"10":{"start":{"line":24,"column":6},"end":{"line":24,"column":58}},"11":{"start":{"line":25,"column":6},"end":{"line":25,"column":59}},"12":{"start":{"line":3,"column":13},"end":{"line":3,"column":33}}},"fnMap":{"0":{"name":"(anonymous_0)","decl":{"start":{"line":3,"column":33},"end":{"line":3,"column":null}},"loc":{"start":{"line":6,"column":4},"end":{"line":28,"column":1}}},"1":{"name":"(anonymous_1)","decl":{"start":{"line":7,"column":12},"end":{"line":7,"column":15}},"loc":{"start":{"line":7,"column":17},"end":{"line":27,"column":3}}},"2":{"name":"(anonymous_2)","decl":{"start":{"line":8,"column":21},"end":{"line":8,"column":22}},"loc":{"start":{"line":8,"column":56},"end":{"line":18,"column":5}}},"3":{"name":"(anonymous_3)","decl":{"start":{"line":23,"column":11},"end":{"line":23,"column":14}},"loc":{"start":{"line":23,"column":16},"end":{"line":26,"column":5}}}},"branchMap":{"0":{"loc":{"start":{"line":9,"column":6},"end":{"line":15,"column":null}},"type":"if","locations":[{"start":{"line":9,"column":6},"end":{"line":15,"column":null}}]},"1":{"loc":{"start":{"line":10,"column":8},"end":{"line":12,"column":68}},"type":"binary-expr","locations":[{"start":{"line":10,"column":8},"end":{"line":10,"column":11}},{"start":{"line":11,"column":8},"end":{"line":11,"column":24}},{"start":{"line":12,"column":9},"end":{"line":12,"column":21}},{"start":{"line":12,"column":25},"end":{"line":12,"column":67}}]}},"s":{"0":4,"1":4,"2":19,"3":19,"4":2,"5":1,"6":1,"7":19,"8":19,"9":19,"10":19,"11":19,"12":4},"f":{"0":19,"1":19,"2":2,"3":19},"b":{"0":[1],"1":[2,2,2,2]}}
,"/Users/cristinalmarti/Documents/tx-search-engine/src/common/hooks/user-debounce.ts": {"path":"/Users/cristinalmarti/Documents/tx-search-engine/src/common/hooks/user-debounce.ts","statementMap":{"0":{"start":{"line":1,"column":0},"end":{"line":1,"column":44}},"1":{"start":{"line":4,"column":46},"end":{"line":4,"column":64}},"2":{"start":{"line":5,"column":2},"end":{"line":19,"column":4}},"3":{"start":{"line":8,"column":22},"end":{"line":10,"column":15}},"4":{"start":{"line":9,"column":8},"end":{"line":9,"column":33}},"5":{"start":{"line":14,"column":6},"end":{"line":16,"column":8}},"6":{"start":{"line":15,"column":8},"end":{"line":15,"column":30}},"7":{"start":{"line":20,"column":2},"end":{"line":20,"column":24}},"8":{"start":{"line":3,"column":0},"end":{"line":3,"column":16}}},"fnMap":{"0":{"name":"useDebounce","decl":{"start":{"line":3,"column":16},"end":{"line":3,"column":27}},"loc":{"start":{"line":3,"column":54},"end":{"line":21,"column":1}}},"1":{"name":"(anonymous_1)","decl":{"start":{"line":6,"column":4},"end":{"line":6,"column":7}},"loc":{"start":{"line":6,"column":9},"end":{"line":17,"column":5}}},"2":{"name":"(anonymous_2)","decl":{"start":{"line":8,"column":33},"end":{"line":8,"column":36}},"loc":{"start":{"line":8,"column":38},"end":{"line":10,"column":7}}},"3":{"name":"(anonymous_3)","decl":{"start":{"line":14,"column":13},"end":{"line":14,"column":16}},"loc":{"start":{"line":14,"column":18},"end":{"line":16,"column":7}}}},"branchMap":{},"s":{"0":3,"1":17,"2":17,"3":7,"4":1,"5":7,"6":7,"7":17,"8":3},"f":{"0":17,"1":7,"2":1,"3":7},"b":{}}
,"/Users/cristinalmarti/Documents/tx-search-engine/src/common/utils/images.ts": {"path":"/Users/cristinalmarti/Documents/tx-search-engine/src/common/utils/images.ts","statementMap":{"0":{"start":{"line":2,"column":0},"end":{"line":2,"column":63}},"1":{"start":{"line":4,"column":32},"end":{"line":17,"column":1}},"2":{"start":{"line":5,"column":2},"end":{"line":15,"column":null}},"3":{"start":{"line":6,"column":4},"end":{"line":6,"column":64}},"4":{"start":{"line":7,"column":9},"end":{"line":15,"column":null}},"5":{"start":{"line":8,"column":4},"end":{"line":8,"column":85}},"6":{"start":{"line":9,"column":9},"end":{"line":15,"column":null}},"7":{"start":{"line":10,"column":4},"end":{"line":10,"column":66}},"8":{"start":{"line":11,"column":9},"end":{"line":15,"column":null}},"9":{"start":{"line":12,"column":4},"end":{"line":12,"column":66}},"10":{"start":{"line":13,"column":9},"end":{"line":15,"column":null}},"11":{"start":{"line":14,"column":4},"end":{"line":14,"column":79}},"12":{"start":{"line":16,"column":2},"end":{"line":16,"column":12}},"13":{"start":{"line":4,"column":13},"end":{"line":4,"column":32}}},"fnMap":{"0":{"name":"(anonymous_0)","decl":{"start":{"line":4,"column":32},"end":{"line":4,"column":33}},"loc":{"start":{"line":4,"column":66},"end":{"line":17,"column":1}}}},"branchMap":{"0":{"loc":{"start":{"line":5,"column":2},"end":{"line":15,"column":null}},"type":"if","locations":[{"start":{"line":5,"column":2},"end":{"line":15,"column":null}},{"start":{"line":7,"column":9},"end":{"line":15,"column":null}}]},"1":{"loc":{"start":{"line":7,"column":9},"end":{"line":15,"column":null}},"type":"if","locations":[{"start":{"line":7,"column":9},"end":{"line":15,"column":null}},{"start":{"line":9,"column":9},"end":{"line":15,"column":null}}]},"2":{"loc":{"start":{"line":7,"column":13},"end":{"line":7,"column":64}},"type":"binary-expr","locations":[{"start":{"line":7,"column":13},"end":{"line":7,"column":33}},{"start":{"line":7,"column":37},"end":{"line":7,"column":64}}]},"3":{"loc":{"start":{"line":9,"column":9},"end":{"line":15,"column":null}},"type":"if","locations":[{"start":{"line":9,"column":9},"end":{"line":15,"column":null}},{"start":{"line":11,"column":9},"end":{"line":15,"column":null}}]},"4":{"loc":{"start":{"line":9,"column":13},"end":{"line":9,"column":42}},"type":"binary-expr","locations":[{"start":{"line":9,"column":13},"end":{"line":9,"column":22}},{"start":{"line":9,"column":26},"end":{"line":9,"column":42}}]},"5":{"loc":{"start":{"line":11,"column":9},"end":{"line":15,"column":null}},"type":"if","locations":[{"start":{"line":11,"column":9},"end":{"line":15,"column":null}},{"start":{"line":13,"column":9},"end":{"line":15,"column":null}}]},"6":{"loc":{"start":{"line":11,"column":13},"end":{"line":11,"column":42}},"type":"binary-expr","locations":[{"start":{"line":11,"column":13},"end":{"line":11,"column":22}},{"start":{"line":11,"column":26},"end":{"line":11,"column":42}}]},"7":{"loc":{"start":{"line":13,"column":9},"end":{"line":15,"column":null}},"type":"if","locations":[{"start":{"line":13,"column":9},"end":{"line":15,"column":null}}]},"8":{"loc":{"start":{"line":13,"column":13},"end":{"line":13,"column":58}},"type":"binary-expr","locations":[{"start":{"line":13,"column":13},"end":{"line":13,"column":30}},{"start":{"line":13,"column":34},"end":{"line":13,"column":58}}]}},"s":{"0":10,"1":10,"2":25,"3":19,"4":6,"5":1,"6":5,"7":1,"8":4,"9":1,"10":3,"11":1,"12":2,"13":10},"f":{"0":25},"b":{"0":[19,6],"1":[1,5],"2":[6,1],"3":[1,4],"4":[5,1],"5":[1,3],"6":[4,1],"7":[1],"8":[3,1]}}
,"/Users/cristinalmarti/Documents/tx-search-engine/src/common/utils/objects.ts": {"path":"/Users/cristinalmarti/Documents/tx-search-engine/src/common/utils/objects.ts","statementMap":{"0":{"start":{"line":1,"column":29},"end":{"line":3,"column":1}},"1":{"start":{"line":2,"column":2},"end":{"line":2,"column":39}},"2":{"start":{"line":1,"column":13},"end":{"line":1,"column":29}}},"fnMap":{"0":{"name":"(anonymous_0)","decl":{"start":{"line":1,"column":29},"end":{"line":1,"column":30}},"loc":{"start":{"line":1,"column":54},"end":{"line":3,"column":1}}}},"branchMap":{},"s":{"0":2,"1":5,"2":2},"f":{"0":5},"b":{}}
,"/Users/cristinalmarti/Documents/tx-search-engine/src/core/features/visited-books/visited-books.slice.ts": {"path":"/Users/cristinalmarti/Documents/tx-search-engine/src/core/features/visited-books/visited-books.slice.ts","statementMap":{"0":{"start":{"line":1,"column":0},"end":{"line":1,"column":47}},"1":{"start":{"line":9,"column":40},"end":{"line":11,"column":2}},"2":{"start":{"line":13,"column":13},"end":{"line":24,"column":3}},"3":{"start":{"line":18,"column":30},"end":{"line":18,"column":69}},"4":{"start":{"line":19,"column":6},"end":{"line":21,"column":8}},"5":{"start":{"line":20,"column":49},"end":{"line":20,"column":65}},"6":{"start":{"line":26,"column":15},"end":{"line":26,"column":53}},"7":{"start":{"line":28,"column":0},"end":{"line":28,"column":33}}},"fnMap":{"0":{"name":"(anonymous_0)","decl":{"start":{"line":17,"column":13},"end":{"line":17,"column":14}},"loc":{"start":{"line":17,"column":63},"end":{"line":22,"column":5}}},"1":{"name":"(anonymous_1)","decl":{"start":{"line":20,"column":39},"end":{"line":20,"column":40}},"loc":{"start":{"line":20,"column":49},"end":{"line":20,"column":65}}}},"branchMap":{},"s":{"0":12,"1":12,"2":12,"3":0,"4":0,"5":0,"6":12,"7":12},"f":{"0":0,"1":0},"b":{}}
,"/Users/cristinalmarti/Documents/tx-search-engine/src/core/store/store.ts": {"path":"/Users/cristinalmarti/Documents/tx-search-engine/src/core/store/store.ts","statementMap":{"0":{"start":{"line":1,"column":0},"end":{"line":1,"column":50}},"1":{"start":{"line":2,"column":0},"end":{"line":2,"column":82}},"2":{"start":{"line":4,"column":13},"end":{"line":6,"column":3}}},"fnMap":{},"branchMap":{},"s":{"0":11,"1":11,"2":11},"f":{},"b":{}}
,"/Users/cristinalmarti/Documents/tx-search-engine/src/styles/theme/index.tsx": {"path":"/Users/cristinalmarti/Documents/tx-search-engine/src/styles/theme/index.tsx","statementMap":{"0":{"start":{"line":2,"column":0},"end":{"line":2,"column":64}},"1":{"start":{"line":4,"column":28},"end":{"line":43,"column":2}},"2":{"start":{"line":45,"column":14},"end":{"line":46,"column":null}},"3":{"start":{"line":46,"column":2},"end":{"line":46,"column":57}},"4":{"start":{"line":49,"column":0},"end":{"line":49,"column":21}}},"fnMap":{"0":{"name":"(anonymous_0)","decl":{"start":{"line":45,"column":14},"end":{"line":45,"column":15}},"loc":{"start":{"line":46,"column":2},"end":{"line":46,"column":57}}}},"branchMap":{},"s":{"0":13,"1":13,"2":13,"3":28,"4":13},"f":{"0":28},"b":{}}
,"/Users/cristinalmarti/Documents/tx-search-engine/src/views/base/base.view.tsx": {"path":"/Users/cristinalmarti/Documents/tx-search-engine/src/views/base/base.view.tsx","statementMap":{"0":{"start":{"line":1,"column":0},"end":{"line":1,"column":42}},"1":{"start":{"line":2,"column":0},"end":{"line":2,"column":92}},"2":{"start":{"line":5,"column":2},"end":{"line":10,"column":4}},"3":{"start":{"line":4,"column":0},"end":{"line":4,"column":24}}},"fnMap":{"0":{"name":"Base","decl":{"start":{"line":4,"column":24},"end":{"line":4,"column":28}},"loc":{"start":{"line":4,"column":28},"end":{"line":11,"column":1}}}},"branchMap":{},"s":{"0":1,"1":1,"2":1,"3":1},"f":{"0":1},"b":{}}
,"/Users/cristinalmarti/Documents/tx-search-engine/src/views/book-detail/book-detail.styles.tsx": {"path":"/Users/cristinalmarti/Documents/tx-search-engine/src/views/book-detail/book-detail.styles.tsx","statementMap":{"0":{"start":{"line":1,"column":0},"end":{"line":1,"column":48}},"1":{"start":{"line":2,"column":0},"end":{"line":2,"column":87}},"2":{"start":{"line":4,"column":13},"end":{"line":24,"column":2}},"3":{"start":{"line":5,"column":37},"end":{"line":23,"column":null}}},"fnMap":{"0":{"name":"(anonymous_6)","decl":{"start":{"line":5,"column":2},"end":{"line":5,"column":3}},"loc":{"start":{"line":5,"column":37},"end":{"line":23,"column":null}}}},"branchMap":{},"s":{"0":1,"1":1,"2":1,"3":2},"f":{"0":2},"b":{}}
,"/Users/cristinalmarti/Documents/tx-search-engine/src/views/book-detail/book-detail.view.tsx": {"path":"/Users/cristinalmarti/Documents/tx-search-engine/src/views/book-detail/book-detail.view.tsx","statementMap":{"0":{"start":{"line":1,"column":0},"end":{"line":1,"column":34}},"1":{"start":{"line":2,"column":0},"end":{"line":2,"column":45}},"2":{"start":{"line":3,"column":0},"end":{"line":3,"column":80}},"3":{"start":{"line":4,"column":0},"end":{"line":4,"column":122}},"4":{"start":{"line":5,"column":0},"end":{"line":5,"column":67}},"5":{"start":{"line":6,"column":0},"end":{"line":6,"column":61}},"6":{"start":{"line":7,"column":0},"end":{"line":7,"column":59}},"7":{"start":{"line":8,"column":0},"end":{"line":8,"column":80}},"8":{"start":{"line":9,"column":0},"end":{"line":9,"column":56}},"9":{"start":{"line":12,"column":19},"end":{"line":12,"column":35}},"10":{"start":{"line":13,"column":17},"end":{"line":13,"column":28}},"11":{"start":{"line":14,"column":30},"end":{"line":14,"column":65}},"12":{"start":{"line":16,"column":2},"end":{"line":20,"column":27}},"13":{"start":{"line":17,"column":4},"end":{"line":19,"column":null}},"14":{"start":{"line":18,"column":6},"end":{"line":18,"column":34}},"15":{"start":{"line":22,"column":21},"end":{"line":22,"column":68}},"16":{"start":{"line":24,"column":2},"end":{"line":30,"column":null}},"17":{"start":{"line":25,"column":4},"end":{"line":29,"column":6}},"18":{"start":{"line":32,"column":2},"end":{"line":51,"column":4}},"19":{"start":{"line":11,"column":0},"end":{"line":11,"column":24}}},"fnMap":{"0":{"name":"BookDetail","decl":{"start":{"line":11,"column":24},"end":{"line":11,"column":34}},"loc":{"start":{"line":11,"column":34},"end":{"line":52,"column":1}}},"1":{"name":"(anonymous_2)","decl":{"start":{"line":16,"column":12},"end":{"line":16,"column":15}},"loc":{"start":{"line":16,"column":17},"end":{"line":20,"column":3}}}},"branchMap":{"0":{"loc":{"start":{"line":17,"column":4},"end":{"line":19,"column":null}},"type":"if","locations":[{"start":{"line":17,"column":4},"end":{"line":19,"column":null}}]},"1":{"loc":{"start":{"line":22,"column":21},"end":{"line":22,"column":68}},"type":"binary-expr","locations":[{"start":{"line":22,"column":21},"end":{"line":22,"column":41}},{"start":{"line":22,"column":45},"end":{"line":22,"column":68}}]},"2":{"loc":{"start":{"line":24,"column":2},"end":{"line":30,"column":null}},"type":"if","locations":[{"start":{"line":24,"column":2},"end":{"line":30,"column":null}}]},"3":{"loc":{"start":{"line":40,"column":13},"end":{"line":40,"column":56}},"type":"binary-expr","locations":[{"start":{"line":40,"column":13},"end":{"line":40,"column":31}},{"start":{"line":40,"column":35},"end":{"line":40,"column":56}}]}},"s":{"0":1,"1":1,"2":1,"3":1,"4":1,"5":1,"6":1,"7":1,"8":1,"9":3,"10":3,"11":3,"12":3,"13":3,"14":2,"15":3,"16":3,"17":1,"18":2,"19":1},"f":{"0":3,"1":3},"b":{"0":[2],"1":[3,2],"2":[1],"3":[2,2]}}
,"/Users/cristinalmarti/Documents/tx-search-engine/src/views/error-not-found/error-not-found.tsx": {"path":"/Users/cristinalmarti/Documents/tx-search-engine/src/views/error-not-found/error-not-found.tsx","statementMap":{"0":{"start":{"line":1,"column":0},"end":{"line":1,"column":122}},"1":{"start":{"line":4,"column":2},"end":{"line":8,"column":4}},"2":{"start":{"line":3,"column":0},"end":{"line":3,"column":24}}},"fnMap":{"0":{"name":"ErrorNotFound","decl":{"start":{"line":3,"column":24},"end":{"line":3,"column":37}},"loc":{"start":{"line":3,"column":37},"end":{"line":9,"column":1}}}},"branchMap":{},"s":{"0":1,"1":1,"2":1},"f":{"0":1},"b":{}}
,"/Users/cristinalmarti/Documents/tx-search-engine/src/views/homepage/homepage.styles.tsx": {"path":"/Users/cristinalmarti/Documents/tx-search-engine/src/views/homepage/homepage.styles.tsx","statementMap":{"0":{"start":{"line":1,"column":0},"end":{"line":1,"column":39}},"1":{"start":{"line":3,"column":13},"end":{"line":5,"column":2}}},"fnMap":{},"branchMap":{},"s":{"0":1,"1":1},"f":{},"b":{}}
,"/Users/cristinalmarti/Documents/tx-search-engine/src/views/homepage/homepage.view.tsx": {"path":"/Users/cristinalmarti/Documents/tx-search-engine/src/views/homepage/homepage.view.tsx","statementMap":{"0":{"start":{"line":1,"column":0},"end":{"line":1,"column":122}},"1":{"start":{"line":2,"column":0},"end":{"line":2,"column":89}},"2":{"start":{"line":3,"column":0},"end":{"line":3,"column":51}},"3":{"start":{"line":6,"column":2},"end":{"line":12,"column":4}},"4":{"start":{"line":5,"column":0},"end":{"line":5,"column":24}}},"fnMap":{"0":{"name":"HomePage","decl":{"start":{"line":5,"column":24},"end":{"line":5,"column":32}},"loc":{"start":{"line":5,"column":32},"end":{"line":13,"column":1}}}},"branchMap":{},"s":{"0":1,"1":1,"2":1,"3":1,"4":1},"f":{"0":1},"b":{}}
}
