TN:
SF:src/common/components/book-card/book-card.component.tsx
FN:10,BookCard
FN:11,(anonymous_2)
FNF:2
FNH:2
FNDA:6,BookCard
FNDA:6,(anonymous_2)
DA:1,7
DA:3,7
DA:4,7
DA:10,7
DA:11,6
DA:12,6
DA:13,6
DA:15,6
DA:17,6
LF:9
LH:9
BRDA:15,0,0,6
BRDA:15,0,1,6
BRDA:27,1,0,6
BRDA:27,1,1,6
BRF:4
BRH:4
end_of_record
TN:
SF:src/common/components/book-card/book-card.styles.tsx
FN:5,(anonymous_6)
FNF:1
FNH:1
FNDA:6,(anonymous_6)
DA:1,7
DA:2,7
DA:4,7
DA:5,6
LF:4
LH:4
BRF:0
BRH:0
end_of_record
TN:
SF:src/common/components/book-cover/book-cover.component.tsx
FN:11,BookCover
FNF:1
FNH:1
FNDA:10,BookCover
DA:2,9
DA:3,9
DA:4,9
DA:5,9
DA:11,9
DA:12,10
DA:15,10
LF:7
LH:7
BRDA:12,0,0,9
BRDA:12,0,1,1
BRF:2
BRH:2
end_of_record
TN:
SF:src/common/components/book-cover/book-cover.styles.tsx
FNF:0
FNH:0
DA:1,9
DA:3,9
LF:2
LH:2
BRF:0
BRH:0
end_of_record
TN:
SF:src/common/components/book-search/book-search.component.tsx
FN:9,BookSearch
FN:20,(anonymous_2)
FN:26,(anonymous_3)
FN:30,(anonymous_4)
FN:35,(anonymous_5)
FN:40,(anonymous_6)
FNF:6
FNH:5
FNDA:17,BookSearch
FNDA:13,(anonymous_2)
FNDA:7,(anonymous_3)
FNDA:0,(anonymous_4)
FNDA:1,(anonymous_5)
FNDA:1,(anonymous_6)
DA:1,3
DA:2,3
DA:3,3
DA:4,3
DA:5,3
DA:6,3
DA:7,3
DA:9,3
DA:10,17
DA:11,17
DA:12,17
DA:14,17
DA:16,17
DA:20,17
DA:21,13
DA:22,1
DA:26,17
DA:27,7
DA:30,17
DA:31,0
DA:32,0
DA:35,17
DA:36,1
DA:37,1
DA:40,17
DA:41,1
DA:42,1
DA:46,17
LF:28
LH:26
BRDA:21,0,0,1
BRDA:21,1,0,13
BRDA:21,1,1,13
BRDA:41,2,0,1
BRDA:55,3,0,17
BRDA:55,3,1,2
BRF:6
BRH:6
end_of_record
TN:
SF:src/common/components/book-search/book-search.styles.tsx
FN:4,(anonymous_6)
FNF:1
FNH:1
FNDA:17,(anonymous_6)
DA:1,3
DA:3,3
DA:4,17
LF:3
LH:3
BRF:0
BRH:0
end_of_record
TN:
SF:src/common/components/book-search/search-results/search-results.component.tsx
FN:16,(anonymous_1)
FN:24,(anonymous_2)
FNF:2
FNH:2
FNDA:7,(anonymous_1)
FNDA:3,(anonymous_2)
DA:1,4
DA:3,4
DA:4,4
DA:5,4
DA:6,4
DA:15,4
DA:20,7
DA:25,3
LF:8
LH:8
BRDA:17,0,0,0
BRDA:22,1,0,7
BRDA:22,1,1,3
BRDA:29,2,0,7
BRDA:29,2,1,1
BRDA:30,3,0,7
BRDA:30,3,1,6
BRDA:30,3,2,5
BRDA:30,3,3,2
BRDA:33,4,0,7
BRDA:33,4,1,6
BRDA:33,4,2,5
BRDA:33,4,3,3
BRDA:36,5,0,7
BRDA:36,5,1,1
BRF:15
BRH:14
end_of_record
TN:
SF:src/common/components/book-search/search-results/search-results.styles.tsx
FN:4,(anonymous_6)
FNF:1
FNH:1
FNDA:7,(anonymous_6)
DA:1,4
DA:3,4
DA:4,7
LF:3
LH:3
BRF:0
BRH:0
end_of_record
TN:
SF:src/common/components/book-search/search-results/search-results-skeleton/search-results-skeleton.component.tsx
FN:5,SearchResultsSkeleton
FN:9,(anonymous_2)
FNF:2
FNH:2
FNDA:1,SearchResultsSkeleton
FNDA:3,(anonymous_2)
DA:1,4
DA:2,4
DA:3,4
DA:5,4
DA:6,1
DA:7,1
DA:10,3
LF:7
LH:7
BRF:0
BRH:0
end_of_record
TN:
SF:src/common/components/book-search/search-results/search-results-skeleton/search-results-skeleton.styles.tsx
FN:4,(anonymous_6)
FNF:1
FNH:1
FNDA:1,(anonymous_6)
DA:1,4
DA:3,4
DA:4,1
LF:3
LH:3
BRF:0
BRH:0
end_of_record
TN:
SF:src/common/components/button/button.component.tsx
FN:8,Button
FNF:1
FNH:1
FNDA:4,Button
DA:1,5
DA:8,5
DA:9,4
LF:3
LH:3
BRF:0
BRH:0
end_of_record
TN:
SF:src/common/components/button/button.styles.tsx
FN:6,(anonymous_6)
FNF:1
FNH:1
FNDA:4,(anonymous_6)
DA:1,5
DA:3,5
DA:6,4
DA:17,5
LF:4
LH:4
BRF:0
BRH:0
end_of_record
TN:
SF:src/common/components/form-elements/text-input/text-input.component.tsx
FN:11,TextInput
FNF:1
FNH:1
FNDA:20,TextInput
DA:1,4
DA:11,4
DA:18,20
LF:3
LH:3
BRF:0
BRH:0
end_of_record
TN:
SF:src/common/components/form-elements/text-input/text-input.styles.tsx
FN:6,(anonymous_6)
FNF:1
FNH:1
FNDA:20,(anonymous_6)
DA:1,4
DA:3,4
DA:6,20
DA:20,4
LF:4
LH:4
BRF:0
BRH:0
end_of_record
TN:
SF:src/common/components/layout-elements/element-container/element-container.component.tsx
FN:7,ElementContainer
FNF:1
FNH:1
FNDA:2,ElementContainer
DA:1,2
DA:7,2
DA:8,2
LF:3
LH:3
BRF:0
BRH:0
end_of_record
TN:
SF:src/common/components/layout-elements/element-container/element-container.styles.tsx
FNF:0
FNH:0
DA:1,2
DA:3,2
LF:2
LH:2
BRF:0
BRH:0
end_of_record
TN:
SF:src/common/components/layout-elements/page-container.component.tsx/page-container.component.tsx
FN:7,PageContainer
FNF:1
FNH:1
FNDA:5,PageContainer
DA:1,3
DA:7,3
DA:8,5
LF:3
LH:3
BRF:0
BRH:0
end_of_record
TN:
SF:src/common/components/layout-elements/page-container.component.tsx/page-container.styles.tsx
FN:4,(anonymous_6)
FNF:1
FNH:1
FNDA:5,(anonymous_6)
DA:1,3
DA:3,3
DA:4,5
LF:3
LH:3
BRF:0
BRH:0
end_of_record
TN:
SF:src/common/components/logo/logo.component.tsx
FN:4,Logo
FNF:1
FNH:1
FNDA:3,Logo
DA:1,3
DA:2,3
DA:4,3
DA:5,3
LF:4
LH:4
BRF:0
BRH:0
end_of_record
TN:
SF:src/common/components/logo/logo.styles.tsx
FN:5,(anonymous_6)
FNF:1
FNH:1
FNDA:3,(anonymous_6)
DA:1,3
DA:2,3
DA:4,3
DA:5,3
LF:4
LH:4
BRF:0
BRH:0
end_of_record
TN:
SF:src/common/components/navigation-bar/navigation-bar.component.tsx
FN:6,NavigationBar
FNF:1
FNH:1
FNDA:2,NavigationBar
DA:1,2
DA:2,2
DA:3,2
DA:4,2
DA:6,2
DA:7,2
LF:6
LH:6
BRF:0
BRH:0
end_of_record
TN:
SF:src/common/components/navigation-bar/navigation-bar.styles.tsx
FN:6,(anonymous_6)
FNF:1
FNH:1
FNDA:2,(anonymous_6)
DA:1,2
DA:2,2
DA:3,2
DA:5,2
DA:6,2
LF:5
LH:5
BRF:0
BRH:0
end_of_record
TN:
SF:src/common/components/visited-books/visited-books.component.tsx
FN:5,VisitedBooks
FN:6,(anonymous_2)
FN:14,(anonymous_3)
FNF:3
FNH:3
FNDA:4,VisitedBooks
FNDA:8,(anonymous_2)
FNDA:2,(anonymous_3)
DA:1,2
DA:2,2
DA:3,2
DA:5,2
DA:6,8
DA:7,4
DA:8,2
DA:10,2
DA:15,2
LF:9
LH:9
BRDA:7,0,0,2
BRF:1
BRH:1
end_of_record
TN:
SF:src/common/components/visited-books/visited-books.styles.tsx
FN:4,(anonymous_6)
FNF:1
FNH:1
FNDA:2,(anonymous_6)
DA:1,2
DA:3,2
DA:4,2
LF:3
LH:3
BRF:0
BRH:0
end_of_record
TN:
SF:src/common/constants/api.ts
FNF:0
FNH:0
DA:1,11
DA:2,11
LF:2
LH:2
BRF:0
BRH:0
end_of_record
TN:
SF:src/common/constants/images.ts
FNF:0
FNH:0
DA:1,10
DA:2,10
LF:2
LH:2
BRF:0
BRH:0
end_of_record
TN:
SF:src/common/constants/request.ts
FNF:0
FNH:0
DA:1,6
DA:2,6
LF:2
LH:2
BRF:0
BRH:0
end_of_record
TN:
SF:src/common/hooks/redux-ts-hooks.ts
FN:5,(anonymous_0)
FNF:1
FNH:1
FNDA:3,(anonymous_0)
DA:1,3
DA:5,3
DA:6,3
LF:3
LH:3
BRF:0
BRH:0
end_of_record
TN:
SF:src/common/hooks/use-book-search.ts
FN:11,(anonymous_1)
FN:18,(anonymous_2)
FN:19,(anonymous_3)
FN:32,(anonymous_4)
FN:48,(anonymous_5)
FN:55,(anonymous_6)
FNF:6
FNH:6
FNDA:29,(anonymous_1)
FNDA:11,(anonymous_2)
FNDA:11,(anonymous_3)
FNDA:3,(anonymous_4)
FNDA:1,(anonymous_5)
FNDA:7,(anonymous_6)
DA:1,4
DA:3,4
DA:4,4
DA:5,4
DA:11,4
DA:12,29
DA:13,29
DA:14,29
DA:15,29
DA:16,29
DA:18,29
DA:19,11
DA:20,11
DA:21,11
DA:22,11
DA:23,11
DA:24,5
DA:32,3
DA:36,3
DA:37,3
DA:40,1
DA:41,1
DA:45,11
DA:48,29
DA:49,1
DA:50,1
DA:51,1
DA:55,29
DA:56,7
DA:57,7
DA:58,7
DA:59,7
DA:60,7
DA:63,29
LF:34
LH:34
BRDA:23,0,0,5
BRDA:50,1,0,1
BRF:2
BRH:2
end_of_record
TN:
SF:src/common/hooks/use-get-book.ts
FN:7,(anonymous_1)
FN:14,(anonymous_2)
FN:15,(anonymous_3)
FNF:3
FNH:3
FNDA:6,(anonymous_1)
FNDA:2,(anonymous_2)
FNDA:2,(anonymous_3)
DA:1,2
DA:3,2
DA:4,2
DA:5,2
DA:7,2
DA:8,6
DA:11,6
DA:12,6
DA:14,6
DA:15,2
DA:16,2
DA:17,2
DA:18,2
DA:19,2
DA:22,1
DA:24,1
DA:27,2
DA:30,2
DA:33,6
LF:19
LH:19
BRF:0
BRH:0
end_of_record
TN:
SF:src/common/hooks/use-on-click-outside.ts
FN:3,(anonymous_0)
FN:7,(anonymous_1)
FN:8,(anonymous_2)
FN:23,(anonymous_3)
FNF:4
FNH:4
FNDA:19,(anonymous_0)
FNDA:19,(anonymous_1)
FNDA:2,(anonymous_2)
FNDA:19,(anonymous_3)
DA:1,4
DA:3,4
DA:7,19
DA:8,19
DA:9,2
DA:14,1
DA:17,1
DA:20,19
DA:21,19
DA:23,19
DA:24,19
DA:25,19
LF:12
LH:12
BRDA:9,0,0,1
BRDA:10,1,0,2
BRDA:10,1,1,2
BRDA:10,1,2,2
BRDA:10,1,3,2
BRF:5
BRH:5
end_of_record
TN:
SF:src/common/hooks/user-debounce.ts
FN:3,useDebounce
FN:6,(anonymous_1)
FN:8,(anonymous_2)
FN:14,(anonymous_3)
FNF:4
FNH:4
FNDA:17,useDebounce
FNDA:7,(anonymous_1)
FNDA:1,(anonymous_2)
FNDA:7,(anonymous_3)
DA:1,3
DA:3,3
DA:4,17
DA:5,17
DA:8,7
DA:9,1
DA:14,7
DA:15,7
DA:20,17
LF:9
LH:9
BRF:0
BRH:0
end_of_record
TN:
SF:src/common/utils/images.ts
FN:4,(anonymous_0)
FNF:1
FNH:1
FNDA:25,(anonymous_0)
DA:2,10
DA:4,10
DA:5,25
DA:6,19
DA:7,6
DA:8,1
DA:9,5
DA:10,1
DA:11,4
DA:12,1
DA:13,3
DA:14,1
DA:16,2
LF:13
LH:13
BRDA:5,0,0,19
BRDA:5,0,1,6
BRDA:7,1,0,1
BRDA:7,1,1,5
BRDA:7,2,0,6
BRDA:7,2,1,1
BRDA:9,3,0,1
BRDA:9,3,1,4
BRDA:9,4,0,5
BRDA:9,4,1,1
BRDA:11,5,0,1
BRDA:11,5,1,3
BRDA:11,6,0,4
BRDA:11,6,1,1
BRDA:13,7,0,1
BRDA:13,8,0,3
BRDA:13,8,1,1
BRF:17
BRH:17
end_of_record
TN:
SF:src/common/utils/objects.ts
FN:1,(anonymous_0)
FNF:1
FNH:1
FNDA:5,(anonymous_0)
DA:1,2
DA:2,5
LF:2
LH:2
BRF:0
BRH:0
end_of_record
TN:
SF:src/core/features/visited-books/visited-books.slice.ts
FN:17,(anonymous_0)
FN:20,(anonymous_1)
FNF:2
FNH:0
FNDA:0,(anonymous_0)
FNDA:0,(anonymous_1)
DA:1,12
DA:9,12
DA:13,12
DA:18,0
DA:19,0
DA:20,0
DA:26,12
DA:28,12
LF:8
LH:5
BRF:0
BRH:0
end_of_record
TN:
SF:src/core/store/store.ts
FNF:0
FNH:0
DA:1,11
DA:2,11
DA:4,11
LF:3
LH:3
BRF:0
BRH:0
end_of_record
TN:
SF:src/styles/theme/index.tsx
FN:45,(anonymous_0)
FNF:1
FNH:1
FNDA:28,(anonymous_0)
DA:2,13
DA:4,13
DA:45,13
DA:46,28
DA:49,13
LF:5
LH:5
BRF:0
BRH:0
end_of_record
TN:
SF:src/views/base/base.view.tsx
FN:4,Base
FNF:1
FNH:1
FNDA:1,Base
DA:1,1
DA:2,1
DA:4,1
DA:5,1
LF:4
LH:4
BRF:0
BRH:0
end_of_record
TN:
SF:src/views/book-detail/book-detail.styles.tsx
FN:5,(anonymous_6)
FNF:1
FNH:1
FNDA:2,(anonymous_6)
DA:1,1
DA:2,1
DA:4,1
DA:5,2
LF:4
LH:4
BRF:0
BRH:0
end_of_record
TN:
SF:src/views/book-detail/book-detail.view.tsx
FN:11,BookDetail
FN:16,(anonymous_2)
FNF:2
FNH:2
FNDA:3,BookDetail
FNDA:3,(anonymous_2)
DA:1,1
DA:2,1
DA:3,1
DA:4,1
DA:5,1
DA:6,1
DA:7,1
DA:8,1
DA:9,1
DA:11,1
DA:12,3
DA:13,3
DA:14,3
DA:16,3
DA:17,3
DA:18,2
DA:22,3
DA:24,3
DA:25,1
DA:32,2
LF:20
LH:20
BRDA:17,0,0,2
BRDA:22,1,0,3
BRDA:22,1,1,2
BRDA:24,2,0,1
BRDA:40,3,0,2
BRDA:40,3,1,2
BRF:6
BRH:6
end_of_record
TN:
SF:src/views/error-not-found/error-not-found.tsx
FN:3,ErrorNotFound
FNF:1
FNH:1
FNDA:1,ErrorNotFound
DA:1,1
DA:3,1
DA:4,1
LF:3
LH:3
BRF:0
BRH:0
end_of_record
TN:
SF:src/views/homepage/homepage.styles.tsx
FNF:0
FNH:0
DA:1,1
DA:3,1
LF:2
LH:2
BRF:0
BRH:0
end_of_record
TN:
SF:src/views/homepage/homepage.view.tsx
FN:5,HomePage
FNF:1
FNH:1
FNDA:1,HomePage
DA:1,1
DA:2,1
DA:3,1
DA:5,1
DA:6,1
LF:5
LH:5
BRF:0
BRH:0
end_of_record
